This is pdfTeX, Version 3.14159265-2.6-1.40.17 (TeX Live 2016) (preloaded format=pdflatex 2017.2.16)  8 FEB 2020 00:00
entering extended mode
 restricted \write18 enabled.
 %&-line parsing enabled.
**manuscript.tex
(./manuscript.tex
LaTeX2e <2016/03/31>
Babel <3.9r> and hyphenation patterns for 83 language(s) loaded.
(./NAR.cls
Document Class: NAR 2007/03/23 v1.4b Standard LaTeX document class
(./fleqn.clo
File: fleqn.clo 1998/08/17 v1.1c Standard LaTeX option (flush left equations)
\mathindent=\dimen102
) (./crop.sty
Package: crop 2001/11/16 v1.6 cropmarks (mf)
\CROP@width=\dimen103
\CROP@height=\dimen104
\CROP@index=\count79

(/usr/local/texlive/2016/texmf-dist/tex/latex/graphics/graphics.sty
Package: graphics 2016/05/09 v1.0r Standard LaTeX Graphics (DPC,SPQR)

(/usr/local/texlive/2016/texmf-dist/tex/latex/graphics/trig.sty
Package: trig 2016/01/03 v1.10 sin cos tan (DPC)
)
(/usr/local/texlive/2016/texmf-dist/tex/latex/graphics-cfg/graphics.cfg
File: graphics.cfg 2016/01/02 v1.10 sample graphics configuration
)
Package graphics Info: Driver file: pdftex.def on input line 96.

(/usr/local/texlive/2016/texmf-dist/tex/latex/pdftex-def/pdftex.def
File: pdftex.def 2011/05/27 v0.06d Graphics/color for pdfTeX

(/usr/local/texlive/2016/texmf-dist/tex/generic/oberdiek/infwarerr.sty
Package: infwarerr 2016/05/16 v1.4 Providing info/warning/error messages (HO)
)
(/usr/local/texlive/2016/texmf-dist/tex/generic/oberdiek/ltxcmds.sty
Package: ltxcmds 2016/05/16 v1.23 LaTeX kernel commands for general use (HO)
)
\Gread@gobject=\count80
))
\CROP@offset=\count81
Package crop Info: Local config file crop.cfg used on input line 346.

(/usr/local/texlive/2016/texmf-dist/tex/xelatex/xetexconfig/crop.cfg))
Package crop Info: using pdf(la)tex graphics driver on input line 76.

(/usr/local/texlive/2016/texmf-dist/tex/latex/base/inputenc.sty
Package: inputenc 2015/03/17 v1.2c Input encoding file
\inpenc@prehook=\toks14
\inpenc@posthook=\toks15
)
(/usr/local/texlive/2016/texmf-dist/tex/latex/amsmath/amsmath.sty
Package: amsmath 2016/03/10 v2.15b AMS math features
\@mathmargin=\skip41

For additional information on amsmath, use the `?' option.
(/usr/local/texlive/2016/texmf-dist/tex/latex/amsmath/amstext.sty
Package: amstext 2000/06/29 v2.01 AMS text

(/usr/local/texlive/2016/texmf-dist/tex/latex/amsmath/amsgen.sty
File: amsgen.sty 1999/11/30 v2.0 generic functions
\@emptytoks=\toks16
\ex@=\dimen105
))
(/usr/local/texlive/2016/texmf-dist/tex/latex/amsmath/amsbsy.sty
Package: amsbsy 1999/11/29 v1.2d Bold Symbols
\pmbraise@=\dimen106
)
(/usr/local/texlive/2016/texmf-dist/tex/latex/amsmath/amsopn.sty
Package: amsopn 2016/03/08 v2.02 operator names
)
\inf@bad=\count82
LaTeX Info: Redefining \frac on input line 199.
\uproot@=\count83
\leftroot@=\count84
LaTeX Info: Redefining \overline on input line 297.
\classnum@=\count85
\DOTSCASE@=\count86
LaTeX Info: Redefining \ldots on input line 394.
LaTeX Info: Redefining \dots on input line 397.
LaTeX Info: Redefining \cdots on input line 518.
\Mathstrutbox@=\box26
\strutbox@=\box27
\big@size=\dimen107
LaTeX Font Info:    Redeclaring font encoding OML on input line 634.
LaTeX Font Info:    Redeclaring font encoding OMS on input line 635.
\macc@depth=\count87
\c@MaxMatrixCols=\count88
\dotsspace@=\muskip10
\c@parentequation=\count89
\dspbrk@lvl=\count90
\tag@help=\toks17
\row@=\count91
\column@=\count92
\maxfields@=\count93
\andhelp@=\toks18
\eqnshift@=\dimen108
\alignsep@=\dimen109
\tagshift@=\dimen110
\tagwidth@=\dimen111
\totwidth@=\dimen112
\lineht@=\dimen113
\@envbody=\toks19
\multlinegap=\skip42
\multlinetaggap=\skip43
\mathdisplay@stack=\toks20
LaTeX Info: Redefining \[ on input line 2739.
LaTeX Info: Redefining \] on input line 2740.
)
(/usr/local/texlive/2016/texmf-dist/tex/latex/amsfonts/amssymb.sty
Package: amssymb 2013/01/14 v3.01 AMS font symbols

(/usr/local/texlive/2016/texmf-dist/tex/latex/amsfonts/amsfonts.sty
Package: amsfonts 2013/01/14 v3.01 Basic AMSFonts support
\symAMSa=\mathgroup4
\symAMSb=\mathgroup5
LaTeX Font Info:    Overwriting math alphabet `\mathfrak' in version `bold'
(Font)                  U/euf/m/n --> U/euf/b/n on input line 106.
))
(/usr/local/texlive/2016/texmf-dist/tex/latex/base/latexsym.sty
Package: latexsym 1998/08/17 v2.2e Standard LaTeX package (lasy symbols)
\symlasy=\mathgroup6
LaTeX Font Info:    Overwriting symbol font `lasy' in version `bold'
(Font)                  U/lasy/m/n --> U/lasy/b/n on input line 52.
)
(/usr/local/texlive/2016/texmf-dist/tex/latex/float/float.sty
Package: float 2001/11/08 v1.3d Float enhancements (AL)
\c@float@type=\count94
\float@exts=\toks21
\float@box=\box28
\@float@everytoks=\toks22
\@floatcapt=\box29
)
(/usr/local/texlive/2016/texmf-dist/tex/latex/graphics/epsfig.sty
Package: epsfig 1999/02/16 v1.7a (e)psfig emulation (SPQR)

(/usr/local/texlive/2016/texmf-dist/tex/latex/graphics/graphicx.sty
Package: graphicx 2014/10/28 v1.0g Enhanced LaTeX Graphics (DPC,SPQR)

(/usr/local/texlive/2016/texmf-dist/tex/latex/graphics/keyval.sty
Package: keyval 2014/10/28 v1.15 key=value parser (DPC)
\KV@toks@=\toks23
)
\Gin@req@height=\dimen114
\Gin@req@width=\dimen115
)
\epsfxsize=\dimen116
\epsfysize=\dimen117
)
(/usr/local/texlive/2016/texmf-dist/tex/latex/wrapfig/wrapfig.sty
\wrapoverhang=\dimen118
\WF@size=\dimen119
\c@WF@wrappedlines=\count95
\WF@box=\box30
\WF@everypar=\toks24
Package: wrapfig 2003/01/31  v 3.6
)
(/usr/local/texlive/2016/texmf-dist/tex/latex/sttools/stfloats.sty
Package: stfloats 2016/02/08 v2.0 Improve float mechanism and baselineskip sett
ings
\@dblbotnum=\count96
\c@dblbotnumber=\count97
)
(/usr/local/texlive/2016/texmf-dist/tex/latex/tools/multicol.sty
Package: multicol 2016/04/07 v1.8p multicolumn formatting (FMi)
\c@tracingmulticols=\count98
\mult@box=\box31
\multicol@leftmargin=\dimen120
\c@unbalance=\count99
\c@collectmore=\count100
\doublecol@number=\count101
\multicoltolerance=\count102
\multicolpretolerance=\count103
\full@width=\dimen121
\page@free=\dimen122
\premulticols=\dimen123
\postmulticols=\dimen124
\multicolsep=\skip44
\multicolbaselineskip=\skip45
\partial@page=\box32
\last@line=\box33
\maxbalancingoverflow=\dimen125
\mult@rightbox=\box34
\mult@grightbox=\box35
\mult@gfirstbox=\box36
\mult@firstbox=\box37
\@tempa=\box38
\@tempa=\box39
\@tempa=\box40
\@tempa=\box41
\@tempa=\box42
\@tempa=\box43
\@tempa=\box44
\@tempa=\box45
\@tempa=\box46
\@tempa=\box47
\@tempa=\box48
\@tempa=\box49
\@tempa=\box50
\@tempa=\box51
\@tempa=\box52
\@tempa=\box53
\@tempa=\box54
\c@columnbadness=\count104
\c@finalcolumnbadness=\count105
\last@try=\dimen126
\multicolovershoot=\dimen127
\multicolundershoot=\dimen128
\mult@nat@firstbox=\box55
\colbreak@box=\box56
\mc@col@check@num=\count106
)
(/usr/local/texlive/2016/texmf-dist/tex/latex/rotating/rotating.sty
Package: rotating 2009/03/28 v2.16a rotated objects in LaTeX

(/usr/local/texlive/2016/texmf-dist/tex/latex/base/ifthen.sty
Package: ifthen 2014/09/29 v1.1c Standard LaTeX ifthen package (DPC)
)
\c@r@tfl@t=\count107
\rotFPtop=\skip46
\rotFPbot=\skip47
\rot@float@box=\box57
\rot@mess@toks=\toks25
)
(/usr/local/texlive/2016/texmf-dist/tex/latex/multirow/multirow.sty
\bigstrutjot=\dimen129
)
(/usr/local/texlive/2016/texmf-dist/tex/latex/tools/dcolumn.sty
Package: dcolumn 2014/10/28 v1.06 decimal alignment package (DPC)

(/usr/local/texlive/2016/texmf-dist/tex/latex/tools/array.sty
Package: array 2014/10/28 v2.4c Tabular extension package (FMi)
\col@sep=\dimen130
\extrarowheight=\dimen131
\NC@list=\toks26
\extratabsurround=\skip48
\backup@length=\skip49
))
(/usr/local/texlive/2016/texmf-dist/tex/latex/boxedminipage/boxedminipage.sty)
(/usr/local/texlive/2016/texmf-dist/tex/latex/base/makeidx.sty
Package: makeidx 2014/09/29 v1.0m Standard LaTeX package
)
(/usr/local/texlive/2016/texmf-dist/tex/latex/soul/soul.sty
Package: soul 2003/11/17 v2.4 letterspacing/underlining (mf)
\SOUL@word=\toks27
\SOUL@lasttoken=\toks28
\SOUL@cmds=\toks29
\SOUL@buffer=\toks30
\SOUL@token=\toks31
\SOUL@spaceskip=\skip50
\SOUL@ttwidth=\dimen132
\SOUL@uldp=\dimen133
\SOUL@ulht=\dimen134
)
(/usr/local/texlive/2016/texmf-dist/tex/latex/url/url.sty
\Urlmuskip=\muskip11
Package: url 2013/09/16  ver 3.4  Verb mode for urls, etc.
)
(/usr/local/texlive/2016/texmf-dist/tex/latex/tools/xspace.sty
Package: xspace 2014/10/28 v1.13 Space after command names (DPC,MH)
) (./times.sty
Package: times 2000/01/12 PSNFSS-v8.1 Times font as default roman (SPQR) 
)
\jnameskip=\skip51
\titleskip=\dimen135
\ruleskip=\dimen136
\ruleht=\dimen137
\droplines=\count108
\dropsep=\dimen138
\capvskip=\skip52
\caphskip=\skip53
\capwd=\dimen139
\droplinewd=\dimen140
\c@part=\count109
\c@section=\count110
\c@subsection=\count111
\c@subsubsection=\count112
\c@paragraph=\count113
\c@subparagraph=\count114
\labelwidthi=\dimen141
\labelwidthii=\dimen142
\labelwidthiii=\dimen143
\labelwidthiv=\dimen144
\topsepi=\skip54
\topsepii=\skip55
\topsepiii=\skip56
\topsepiv=\skip57
\itemsepi=\skip58
\itemsepii=\skip59
\itemsepiii=\skip60
\itemsepiv=\skip61
\labelsepi=\dimen145
\labelsepii=\dimen146
\labelsepiii=\dimen147
\labelsepiv=\dimen148
\parsepi=\dimen149
\parsepii=\dimen150
\parsepiii=\dimen151
\parsepiv=\dimen152
\rightmargini=\dimen153
\rightmarginii=\dimen154
\rightmarginiii=\dimen155
\rightmarginiv=\dimen156
\itemindenti=\dimen157
\itemindentii=\dimen158
\itemindentiii=\dimen159
\itemindentiv=\dimen160
\labelleftmargin=\dimen161
\c@figure=\count115
\c@table=\count116
\abovecaptionskip=\skip62
\belowcaptionskip=\skip63
\figurewidth=\dimen162
\figureheight=\dimen163
\dwidth=\dimen164
\dheight=\dimen165
\ncolumns=\count117
\nrows=\count118
\tablewd=\dimen166
\tablewidth=\dimen167
\captionwd=\dimen168
\tempbox=\box58
\tableleftskip=\skip64
\tablerightskip=\skip65
\tablecapleftskip=\skip66
\tablecaprightskip=\skip67
\tablefootleftskip=\skip68
\tablefootrightskip=\skip69
\footnumskip=\dimen169
\bibindent=\dimen170
\maxbibwd=\dimen171

(./NAR-natbib.sty
Package: NAR-natbib 2000/07/24 7.0a (PWD)
\bibhang=\skip70
\bibsep=\skip71
LaTeX Info: Redefining \cite on input line 509.
\c@NAT@ctr=\count119
)
\hours=\count120
\minutes=\count121
\grid@sidemargin=\dimen172
\grid@wd=\dimen173
\grid@ht=\dimen174
\grid@linewd=\dimen175
\grid@topofline=\dimen176
LaTeX Info: Redefining \textso on input line 1856.
\currfontsize=\dimen177

(/usr/local/texlive/2016/texmf-dist/tex/latex/amscls/amsthm.sty
Package: amsthm 2015/03/04 v2.20.2
\thm@style=\toks32
\thm@bodyfont=\toks33
\thm@headfont=\toks34
\thm@notefont=\toks35
\thm@headpunct=\toks36
\thm@preskip=\skip72
\thm@postskip=\skip73
\thm@headsep=\skip74
\dth@everypar=\toks37
)
\@indexfile=\write3
\openout3 = `manuscript.idx'.


Writing index file manuscript.idx
) (./manuscript.aux)
\openout1 = `manuscript.aux'.

LaTeX Font Info:    Checking defaults for OML/cmm/m/it on input line 12.
LaTeX Font Info:    ... okay on input line 12.
LaTeX Font Info:    Checking defaults for T1/cmr/m/n on input line 12.
LaTeX Font Info:    ... okay on input line 12.
LaTeX Font Info:    Checking defaults for OT1/cmr/m/n on input line 12.
LaTeX Font Info:    ... okay on input line 12.
LaTeX Font Info:    Checking defaults for OMS/cmsy/m/n on input line 12.
LaTeX Font Info:    ... okay on input line 12.
LaTeX Font Info:    Checking defaults for OMX/cmex/m/n on input line 12.
LaTeX Font Info:    ... okay on input line 12.
LaTeX Font Info:    Checking defaults for U/cmr/m/n on input line 12.
LaTeX Font Info:    ... okay on input line 12.
LaTeX Font Info:    Try loading font information for OT1+ptm on input line 12.

(/usr/local/texlive/2016/texmf-dist/tex/latex/psnfss/ot1ptm.fd
File: ot1ptm.fd 2001/06/04 font definitions for OT1/ptm.
)
(/usr/local/texlive/2016/texmf-dist/tex/context/base/mkii/supp-pdf.mkii
[Loading MPS to PDF converter (version 2006.09.02).]
\scratchcounter=\count122
\scratchdimen=\dimen178
\scratchbox=\box59
\nofMPsegments=\count123
\nofMParguments=\count124
\everyMPshowfont=\toks38
\MPscratchCnt=\count125
\MPscratchDim=\dimen179
\MPnumerator=\count126
\makeMPintoPDFobject=\count127
\everyMPtoPDFconversion=\toks39
) (/usr/local/texlive/2016/texmf-dist/tex/generic/oberdiek/pdftexcmds.sty
Package: pdftexcmds 2016/05/10 v0.21 Utility functions of pdfTeX for LuaTeX (HO
)

(/usr/local/texlive/2016/texmf-dist/tex/generic/oberdiek/ifluatex.sty
Package: ifluatex 2016/05/16 v1.4 Provides the ifluatex switch (HO)
Package ifluatex Info: LuaTeX not detected.
)
(/usr/local/texlive/2016/texmf-dist/tex/generic/oberdiek/ifpdf.sty
Package: ifpdf 2016/05/14 v3.1 Provides the ifpdf switch
)
Package pdftexcmds Info: LuaTeX not detected.
Package pdftexcmds Info: \pdf@primitive is available.
Package pdftexcmds Info: \pdf@ifprimitive is available.
Package pdftexcmds Info: \pdfdraftmode found.
)
(/usr/local/texlive/2016/texmf-dist/tex/latex/oberdiek/epstopdf-base.sty
Package: epstopdf-base 2016/05/15 v2.6 Base part for package epstopdf

(/usr/local/texlive/2016/texmf-dist/tex/latex/oberdiek/grfext.sty
Package: grfext 2016/05/16 v1.2 Manage graphics extensions (HO)

(/usr/local/texlive/2016/texmf-dist/tex/generic/oberdiek/kvdefinekeys.sty
Package: kvdefinekeys 2016/05/16 v1.4 Define keys (HO)
))
(/usr/local/texlive/2016/texmf-dist/tex/latex/oberdiek/kvoptions.sty
Package: kvoptions 2016/05/16 v3.12 Key value format for package options (HO)

(/usr/local/texlive/2016/texmf-dist/tex/generic/oberdiek/kvsetkeys.sty
Package: kvsetkeys 2016/05/16 v1.17 Key value parser (HO)

(/usr/local/texlive/2016/texmf-dist/tex/generic/oberdiek/etexcmds.sty
Package: etexcmds 2016/05/16 v1.6 Avoid name clashes with e-TeX commands (HO)
Package etexcmds Info: Could not find \expanded.
(etexcmds)             That can mean that you are not using pdfTeX 1.50 or
(etexcmds)             that some package has redefined \expanded.
(etexcmds)             In the latter case, load this package earlier.
)))
Package grfext Info: Graphics extension search list:
(grfext)             [.png,.pdf,.jpg,.mps,.jpeg,.jbig2,.jb2,.PNG,.PDF,.JPG,.JPE
G,.JBIG2,.JB2,.eps]
(grfext)             \AppendGraphicsExtensions on input line 456.

(/usr/local/texlive/2016/texmf-dist/tex/latex/latexconfig/epstopdf-sys.cfg
File: epstopdf-sys.cfg 2010/07/13 v1.3 Configuration of (r)epstopdf for TeX Liv
e
))

LaTeX Font Warning: Font shape `OT1/cmss/b/n' undefined
(Font)              using `OT1/cmss/m/n' instead on input line 39.


LaTeX Font Warning: Font shape `OT1/cmss/m/n' in size <20> not available
(Font)              size <20.74> substituted on input line 39.


LaTeX Font Warning: Font shape `OT1/cmss/b/n' in size <20> not available
(Font)              size <20.74> substituted on input line 39.

LaTeX Font Info:    Try loading font information for U+msa on input line 39.
(/usr/local/texlive/2016/texmf-dist/tex/latex/amsfonts/umsa.fd
File: umsa.fd 2013/01/14 v3.01 AMS symbols A
)
LaTeX Font Info:    Try loading font information for U+msb on input line 39.

(/usr/local/texlive/2016/texmf-dist/tex/latex/amsfonts/umsb.fd
File: umsb.fd 2013/01/14 v3.01 AMS symbols B
)
LaTeX Font Info:    Try loading font information for U+lasy on input line 39.

(/usr/local/texlive/2016/texmf-dist/tex/latex/base/ulasy.fd
File: ulasy.fd 1998/08/17 v2.2e LaTeX symbol font definitions
)

LaTeX Font Warning: Font shape `OT1/cmss/n/n' undefined
(Font)              using `OT1/cmss/m/n' instead on input line 39.


Overfull \hbox (267.0pt too wide) in paragraph at lines 39--39
[][] 
 []


LaTeX Font Warning: Font shape `OT1/cmss/b/it' undefined
(Font)              using `OT1/cmss/b/n' instead on input line 48.


Underfull \hbox (badness 3417) in paragraph at lines 64--69
\OT1/ptm/m/n/10 technology with countless applications in industry and
 []


Underfull \hbox (badness 5924) in paragraph at lines 64--69
\OT1/ptm/m/n/10 exploiting this technology is an important target for
 []


Underfull \hbox (badness 4543) in paragraph at lines 70--85
\OT1/ptm/m/n/10 as a mapper. The main challenge is that sequencers
 []


Underfull \hbox (badness 3735) in paragraph at lines 70--85
\OT1/ptm/m/n/10 sometimes make mistakes, so mappers must solve an
 []


Underfull \hbox (badness 3189) in paragraph at lines 70--85
\OT1/ptm/m/n/10 while maintaining a low memory footprint. From this
 []

LaTeX Font Info:    Try loading font information for OMS+ptm on input line 105.

(/usr/local/texlive/2016/texmf-dist/tex/latex/psnfss/omsptm.fd
File: omsptm.fd 
)
LaTeX Font Info:    Font shape `OMS/ptm/m/n' in size <10> not available
(Font)              Font shape `OMS/cmsy/m/n' tried instead on input line 105.

Underfull \hbox (badness 3250) in paragraph at lines 103--113
[]\OT1/ptm/m/n/10 The importance of faithfulness is recognized in the
 []


Underfull \hbox (badness 10000) in paragraph at lines 103--113
\OT1/ptm/m/n/10 specifications of the SAM format ([]), featuring a
 []


Underfull \hbox (badness 10000) in paragraph at lines 103--113
\OT1/ptm/m/n/10 mandatory \OT1/ptm/m/it/10 mapping quality \OT1/ptm/m/n/10 fiel
d MAPQ, defined as
 []


Underfull \hbox (badness 4120) in paragraph at lines 103--113
\OT1/ptm/m/n/10 ``$\OMS/cmsy/m/n/10 ^^@\OT1/cmr/m/n/10 10 \OMS/cmsy/m/n/10 ^^A 
[][] \OML/cmm/m/it/10 Pr$\OMS/cmsy/m/n/10 f\OT1/ptm/m/n/10 mapping position is 
wrong\OMS/cmsy/m/n/10 g\OT1/ptm/m/n/10 ''. However,
 []

LaTeX Font Info:    Font shape `OT1/ptm/bx/n' in size <10> not available
(Font)              Font shape `OT1/ptm/b/n' tried instead on input line 121.

Package natbib Warning: Citation `dunno' on page 1 undefined on input line 121.



Underfull \vbox (badness 10000) has occurred while \output is active []

LaTeX Font Info:    Font shape `OT1/ptm/bx/it' in size <10> not available
(Font)              Font shape `OT1/ptm/b/it' tried instead on input line 142.
LaTeX Font Info:    Calculating math sizes for size <7.5> on input line 142.


LaTeX Font Warning: Font shape `OT1/cmr/m/n' in size <7.5> not available
(Font)              size <7> substituted on input line 142.


LaTeX Font Warning: Font shape `OT1/cmr/m/n' in size <3.75> not available
(Font)              size <5> substituted on input line 142.


LaTeX Font Warning: Font shape `OML/cmm/m/it' in size <7.5> not available
(Font)              size <7> substituted on input line 142.


LaTeX Font Warning: Font shape `OML/cmm/m/it' in size <3.75> not available
(Font)              size <5> substituted on input line 142.


LaTeX Font Warning: Font shape `OMS/cmsy/m/n' in size <7.5> not available
(Font)              size <7> substituted on input line 142.


LaTeX Font Warning: Font shape `OMS/cmsy/m/n' in size <3.75> not available
(Font)              size <5> substituted on input line 142.


LaTeX Font Warning: Font shape `U/lasy/m/n' in size <7.5> not available
(Font)              size <7> substituted on input line 142.


LaTeX Font Warning: Font shape `U/lasy/m/n' in size <3.75> not available
(Font)              size <5> substituted on input line 142.

LaTeX Font Info:    Font shape `OMS/ptm/m/n' in size <7.5> not available
(Font)              Font shape `OMS/cmsy/m/n' tried instead on input line 142.

LaTeX Font Warning: Font shape `OMS/cmsy/m/n' in size <7.5> not available
(Font)              size <7> substituted on input line 142.

[1{/usr/local/texlive/2016/texmf-var/fonts/map/pdftex/updmap/pdftex.map}


]
Underfull \hbox (badness 1681) in paragraph at lines 163--170
\OT1/ptm/m/n/10 from a given duplicate is $\OML/cmm/m/it/10 ^^U \OT1/cmr/m/n/10
 = (1 \OMS/cmsy/m/n/10 ^^@ \OML/cmm/m/it/10 p\OT1/cmr/m/n/10 )\OML/cmm/m/it/10 
^^V \OT1/cmr/m/n/10 + \OML/cmm/m/it/10 p\OT1/cmr/m/n/10 (1 \OMS/cmsy/m/n/10 ^^@
 \OML/cmm/m/it/10 ^^V=\OT1/cmr/m/n/10 3)$\OT1/ptm/m/n/10 . The
 []


Package amsmath Warning: Foreign command \atopwithdelims;
(amsmath)                \frac or \genfrac should be used instead
(amsmath)                 on input line 212.

LaTeX Font Info:    Try loading font information for OT1+pcr on input line 233.

(/usr/local/texlive/2016/texmf-dist/tex/latex/psnfss/ot1pcr.fd
File: ot1pcr.fd 2001/06/04 font definitions for OT1/pcr.
)
Underfull \hbox (badness 3148) in paragraph at lines 230--246
 \OT1/ptm/m/it/10 Normal quality[] \OT1/ptm/m/n/10 Reads with initial estimate 
$\OML/cmm/m/it/10 N \OMS/cmsy/m/n/10 ^^T \OT1/cmr/m/n/10 20$ \OT1/ptm/m/n/10 ar
e
 []


Underfull \hbox (badness 1939) in paragraph at lines 258--265
[]\OT1/ptm/m/n/10 It was verified empirically, that expression (\OT1/ptm/b/n/10
 3[]\OT1/ptm/m/n/10 ) is an
 []

[2]
Underfull \hbox (badness 2351) in paragraph at lines 333--336
 \OT1/ptm/m/it/10 Genomes and data sets[] \OT1/ptm/m/n/10 The main characterist
ic of the
 []


Underfull \hbox (badness 1688) in paragraph at lines 333--336
\OT1/ptm/m/n/10 genomes used for benchmark (\OT1/ptm/m/it/10 Drosophila melanog
aster\OT1/ptm/m/n/10 ,
 []


Overfull \hbox (6.05487pt too wide) in alignment at lines 352--352
[][][][] 
 []


Overfull \hbox (6.05487pt too wide) in alignment at lines 352--352
[][][][] 
 []


Underfull \hbox (badness 3271) in paragraph at lines 364--371
 \OT1/ptm/m/it/10 Software[] \OT1/ptm/m/n/10 We used BWA-MEM version 0.7.9a-r78
6 ([]),
 []


Underfull \hbox (badness 1168) in paragraph at lines 364--371
\OT1/ptm/m/n/10 genomes were indexed with default parameters for each
 []


Underfull \hbox (badness 1931) in paragraph at lines 374--379
 \OT1/ptm/m/it/10 Hardware[] \OT1/ptm/m/n/10 All the mapping experiments were r
un on a
 []

[3] <MEM_19.pdf, id=31, 433.62pt x 433.62pt>
File: MEM_19.pdf Graphic file (type pdf)
 <use MEM_19.pdf>
Package pdftex.def Info: MEM_19.pdf used on input line 404.
(pdftex.def)             Requested size: 260.17401pt x 260.17401pt.

Overfull \hbox (13.17401pt too wide) in paragraph at lines 404--405
 [] 
 []


Underfull \hbox (badness 1215) in paragraph at lines 427--438
\OT1/ptm/m/n/10 because this is the only way to map a read with high
 []

<decision_tree.pdf, id=32, 297.11pt x 328.22626pt>
File: decision_tree.pdf Graphic file (type pdf)
 <use decision_tree.pdf>
Package pdftex.def Info: decision_tree.pdf used on input line 441.
(pdftex.def)             Requested size: 237.68831pt x 262.58136pt.
LaTeX Font Info:    Font shape `OT1/ptm/bx/n' in size <8> not available
(Font)              Font shape `OT1/ptm/b/n' tried instead on input line 454.

Underfull \vbox (badness 10000) has occurred while \output is active []


<pushing_backward.pdf, id=33, 288.57813pt x 100.375pt>
File: pushing_backward.pdf Graphic file (type pdf)

<use pushing_backward.pdf>
Package pdftex.def Info: pushing_backward.pdf used on input line 476.
(pdftex.def)             Requested size: 242.40396pt x 84.3144pt.
 [4 <./MEM_19.pdf> <./decision_tree.pdf>]
<supertest.pdf, id=65, 334.58301pt x 53.534pt>
File: supertest.pdf Graphic file (type pdf)
 <use supertest.pdf>
Package pdftex.def Info: supertest.pdf used on input line 514.
(pdftex.def)             Requested size: 250.93663pt x 40.15039pt.

Overfull \hbox (3.93663pt too wide) in paragraph at lines 514--515
 [] 
 []


Underfull \hbox (badness 1122) in paragraph at lines 529--538
\OT1/ptm/m/n/10 To see why they can be mapped with such confidence,
 []

<super_reads.pdf, id=66, 649.76051pt x 92.34601pt>
File: super_reads.pdf Graphic file (type pdf)
 <use super_reads.pdf>
Package pdftex.def Info: super_reads.pdf used on input line 541.
(pdftex.def)             Requested size: 513.30518pt x 72.95255pt.

Underfull \hbox (badness 2426) in paragraph at lines 592--599
[]\OT1/ptm/m/n/10 We set up a test using the genomes of \OT1/ptm/m/it/10 Drosop
hila
 []

<fig_faith.pdf, id=67, 2089.8075pt x 757.04529pt>
File: fig_faith.pdf Graphic file (type pdf)
 <use fig_faith.pdf>
Package pdftex.def Info: fig_faith.pdf used on input line 608.
(pdftex.def)             Requested size: 501.56406pt x 181.69458pt.


LaTeX Warning: Reference `fig_supp' on page 5 undefined on input line 642.

<fig_acc.pdf, id=68, 465.74101pt x 458.2139pt>
File: fig_acc.pdf Graphic file (type pdf)
 <use fig_acc.pdf>
Package pdftex.def Info: fig_acc.pdf used on input line 649.
(pdftex.def)             Requested size: 251.4964pt x 247.43181pt.

Overfull \hbox (4.4964pt too wide) in paragraph at lines 649--650
 [] 
 []

[5 <./pushing_backward.pdf> <./supertest.pdf>]
<fig_timem.pdf, id=124, 429.605pt x 159.59625pt>
File: fig_timem.pdf Graphic file (type pdf)
 <use fig_timem.pdf>
Package pdftex.def Info: fig_timem.pdf used on input line 676.
(pdftex.def)             Requested size: 249.17107pt x 92.56587pt.

Overfull \hbox (2.17107pt too wide) in paragraph at lines 676--677
 [] 
 []


Underfull \vbox (badness 10000) has occurred while \output is active []


Underfull \vbox (badness 10000) has occurred while \output is active []

 [6 <./super_reads.pdf> <./fig_faith.pdf>]
Underfull \hbox (badness 1122) in paragraph at lines 748--761
[]\OT1/ptm/m/n/10 When there is evidence that the target is unique, the
 []


Underfull \vbox (badness 10000) has occurred while \output is active []

 [7 <./fig_acc.pdf> <./fig_timem.pdf>]
Underfull \hbox (badness 3635) in paragraph at lines 845--852
\OT1/ptm/m/n/10 The idea of developing a faithful heuristic for better
 []


Underfull \vbox (badness 10000) has occurred while \output is active []


Underfull \hbox (badness 1082) in paragraph at lines 867--878
[]\OT1/ptm/m/n/10 Another case of interest is when the DNA sample is
 []


Underfull \hbox (badness 1924) in paragraph at lines 891--901
\OT1/ptm/m/n/10 PGC2018-099807-B-I00) and by the European Research
 []

[8] (./manuscript.bbl
Underfull \hbox (badness 1248) in paragraph at lines 4--10
[]\OT1/ptm/m/n/8 Lightbody, G., Haberland, V., Browne, F., Taggart, L., Zheng, 
H.,
 []


Underfull \hbox (badness 10000) in paragraph at lines 12--15
[]\OT1/ptm/m/n/8 Wikipedia contributors https://en.wikipedia.org/wiki/Illumina,
[]Inc.
 []


Underfull \hbox (badness 2894) in paragraph at lines 29--32
\OT1/ptm/m/n/8 Compression Algorithm. In \OT1/ptm/m/it/8 DIGITAL SRC RESEARCH R
EPORT
 []

Missing character: There is no Ã in font ptmr7t!
Missing character: There is no ³ in font ptmr7t!

Underfull \hbox (badness 2961) in paragraph at lines 71--76
[]\OT1/ptm/m/n/8 More madness with MAPQ scores (a.k.a. why bioinformaticians
 []


Underfull \hbox (badness 10000) in paragraph at lines 71--76
\OT1/ptm/m/n/8 hate poor and incomplete software documentation).
 []


Underfull \hbox (badness 10000) in paragraph at lines 71--76
\OT1/ptm/m/n/8 http://www.acgt.me/blog/2015/3/17/more-madness-with-mapq-
 []


Underfull \hbox (badness 10000) in paragraph at lines 71--76
\OT1/ptm/m/n/8 scores-aka-why-bioinformaticians-hate-poor-and-incomplete-softwa
re-
 []


Underfull \hbox (badness 5578) in paragraph at lines 78--82
[]\OT1/ptm/m/n/8 MAPQ values are really useful but their implementation is a
 []


Underfull \hbox (badness 10000) in paragraph at lines 78--82
\OT1/ptm/m/n/8 mess. https://sequencing.qcfail.com/articles/mapq-values-are-rea
lly-
 []


Underfull \hbox (badness 6625) in paragraph at lines 78--82
\OT1/ptm/m/n/8 useful-but-their-implementation-is-a-mess/ (2016) [Online; acces
sed
 []


Underfull \hbox (badness 10000) in paragraph at lines 99--103
[]\OT1/ptm/m/n/8 A tutorial on Burrows-Wheeler indexing methods.
 []


Underfull \hbox (badness 10000) in paragraph at lines 99--103
\OT1/ptm/m/n/8 http://blog.thegrandlocus.com/2016/07/a-tutorial-on-burrows-whee
ler-
 []

) [9

] [10

] <timem_supp.pdf, id=260, 467.7475pt x 446.66875pt>
File: timem_supp.pdf Graphic file (type pdf)

<use timem_supp.pdf>
Package pdftex.def Info: timem_supp.pdf used on input line 989.
(pdftex.def)             Requested size: 247.90498pt x 236.7333pt.

Overfull \hbox (0.90498pt too wide) in paragraph at lines 989--990
 [] 
 []

<accQ2_fig.pdf, id=261, 499.8675pt x 483.8075pt>
File: accQ2_fig.pdf Graphic file (type pdf)
 <use accQ2_fig.pdf>
Package pdftex.def Info: accQ2_fig.pdf used on input line 998.
(pdftex.def)             Requested size: 269.92442pt x 261.25215pt.

Overfull \hbox (22.92442pt too wide) in paragraph at lines 998--999
 [] 
 []

<accQ5_fig.pdf, id=262, 464.73625pt x 464.06676pt>
File: accQ5_fig.pdf Graphic file (type pdf)
 <use accQ5_fig.pdf>
Package pdftex.def Info: accQ5_fig.pdf used on input line 1006.
(pdftex.def)             Requested size: 250.95383pt x 250.5923pt.

Overfull \hbox (3.95383pt too wide) in paragraph at lines 1006--1007
 [] 
 []

<accQ10_fig.pdf, id=263, 459.7175pt x 460.72125pt>
File: accQ10_fig.pdf Graphic file (type pdf)
 <use accQ10_fig.pdf>
Package pdftex.def Info: accQ10_fig.pdf used on input line 1014.
(pdftex.def)             Requested size: 248.24374pt x 248.78577pt.

Overfull \hbox (1.24374pt too wide) in paragraph at lines 1014--1015
 [] 
 []

[11


 <./timem_supp.pdf>] [12 <./accQ2_fig.pdf> <./accQ5_fig.pdf> <./accQ10_fig.pdf>
] <faith_Q2.pdf, id=391, 2081.7775pt x 749.22911pt>
File: faith_Q2.pdf Graphic file (type pdf)
 <use faith_Q2.pdf>
Package pdftex.def Info: faith_Q2.pdf used on input line 1024.
(pdftex.def)             Requested size: 499.63681pt x 179.81865pt.

<faith_Q5.pdf, id=392, 2083.99574pt x 758.91127pt>
File: faith_Q5.pdf Graphic file (type pdf)
 <use faith_Q5.pdf>
Package pdftex.def Info: faith_Q5.pdf used on input line 1032.
(pdftex.def)             Requested size: 500.1692pt x 182.14243pt.

<faith_Q10.pdf, id=393, 2079.77pt x 748.7975pt>
File: faith_Q10.pdf Graphic file (type pdf)
 <use faith_Q10.pdf>
Package pdftex.def Info: faith_Q10.pdf used on input line 1040.
(pdftex.def)             Requested size: 499.155pt x 179.71507pt.


Package natbib Warning: There were undefined citations.

[13 <./faith_Q2.pdf> <./faith_Q5.pdf> <./faith_Q10.pdf>] (./manuscript.aux)

LaTeX Font Warning: Size substitutions with differences
(Font)              up to 1.25pt have occurred.


LaTeX Font Warning: Some font shapes were not available, defaults substituted.


LaTeX Warning: There were undefined references.

 ) 
Here is how much of TeX's memory you used:
 4241 strings out of 493014
 55550 string characters out of 6133351
 137572 words of memory out of 5000000
 7618 multiletter control sequences out of 15000+600000
 30774 words of font info for 83 fonts, out of 8000000 for 9000
 1150 hyphenation exceptions out of 8191
 38i,18n,34p,956b,325s stack positions out of 5000i,500n,10000p,200000b,80000s
{/usr/local/texlive/2016/texmf-dist/fonts/enc/dvips/base/8r.enc}</usr/local/t
exlive/2016/texmf-dist/fonts/type1/public/amsfonts/cm/cmex10.pfb></usr/local/te
xlive/2016/texmf-dist/fonts/type1/public/amsfonts/cm/cmmi10.pfb></usr/local/tex
live/2016/texmf-dist/fonts/type1/public/amsfonts/cm/cmmi8.pfb></usr/local/texli
ve/2016/texmf-dist/fonts/type1/public/amsfonts/cm/cmr10.pfb></usr/local/texlive
/2016/texmf-dist/fonts/type1/public/amsfonts/cm/cmr8.pfb></usr/local/texlive/20
16/texmf-dist/fonts/type1/public/amsfonts/cm/cmss10.pfb></usr/local/texlive/201
6/texmf-dist/fonts/type1/public/amsfonts/cm/cmss12.pfb></usr/local/texlive/2016
/texmf-dist/fonts/type1/public/amsfonts/cm/cmss17.pfb></usr/local/texlive/2016/
texmf-dist/fonts/type1/public/amsfonts/cm/cmss8.pfb></usr/local/texlive/2016/te
xmf-dist/fonts/type1/public/amsfonts/cm/cmsy10.pfb></usr/local/texlive/2016/tex
mf-dist/fonts/type1/public/amsfonts/cm/cmsy6.pfb></usr/local/texlive/2016/texmf
-dist/fonts/type1/public/amsfonts/cm/cmsy7.pfb></usr/local/texlive/2016/texmf-d
ist/fonts/type1/public/amsfonts/cm/cmsy8.pfb></usr/local/texlive/2016/texmf-dis
t/fonts/type1/public/amsfonts/latxfont/lcircle1.pfb></usr/local/texlive/2016/te
xmf-dist/fonts/type1/urw/courier/ucrr8a.pfb></usr/local/texlive/2016/texmf-dist
/fonts/type1/urw/times/utmb8a.pfb></usr/local/texlive/2016/texmf-dist/fonts/typ
e1/urw/times/utmbi8a.pfb></usr/local/texlive/2016/texmf-dist/fonts/type1/urw/ti
mes/utmr8a.pfb></usr/local/texlive/2016/texmf-dist/fonts/type1/urw/times/utmri8
a.pfb>
Output written on manuscript.pdf (13 pages, 2879858 bytes).
PDF statistics:
 532 PDF objects out of 1000 (max. 8388607)
 289 compressed objects within 3 object streams
 0 named destinations out of 1000 (max. 500000)
 76 words of extra memory for PDF output out of 10000 (max. 10000000)

